<?xml version="1.0" encoding="UTF-8"?>
<testng-results ignored="0" total="1" passed="1" failed="0" skipped="0">
  <reporter-output>
  </reporter-output>
  <suite started-at="2022-08-31T11:40:24 IST" name="Default suite" finished-at="2022-08-31T11:40:27 IST" duration-ms="2280">
    <groups>
    </groups>
    <test started-at="2022-08-31T11:40:24 IST" name="Default test" finished-at="2022-08-31T11:40:27 IST" duration-ms="2280">
      <class name="tests.ApiTests">
        <test-method is-config="true" signature="initialize()[pri:0, instance:tests.ApiTests@59505b48]" started-at="2022-08-31T11:40:24 IST" name="initialize" finished-at="2022-08-31T11:40:24 IST" duration-ms="162" status="PASS">
          <reporter-output>
          </reporter-output>
        </test-method> <!-- initialize -->
        <test-method is-config="true" signature="logging(java.lang.reflect.Method)[pri:0, instance:tests.ApiTests@59505b48]" started-at="2022-08-31T11:40:24 IST" name="logging" finished-at="2022-08-31T11:40:24 IST" duration-ms="7" status="PASS">
          <params>
            <param index="0">
              <value>
                <![CDATA[public void tests.ApiTests.apiFirstTest() throws java.lang.Exception]]>
              </value>
            </param>
          </params>
          <reporter-output>
          </reporter-output>
        </test-method> <!-- logging -->
        <test-method signature="apiFirstTest()[pri:1, instance:tests.ApiTests@59505b48]" started-at="2022-08-31T11:40:24 IST" name="apiFirstTest" description="API" finished-at="2022-08-31T11:40:26 IST" duration-ms="1981" status="PASS">
          <reporter-output>
          </reporter-output>
        </test-method> <!-- apiFirstTest -->
        <test-method is-config="true" signature="screenShot(org.testng.ITestResult)[pri:0, instance:tests.ApiTests@59505b48]" started-at="2022-08-31T11:40:26 IST" name="screenShot" finished-at="2022-08-31T11:40:27 IST" duration-ms="219" status="PASS">
          <params>
            <param index="0">
              <value>
                <![CDATA[[TestResult name=apiFirstTest status=SUCCESS method=ApiTests.apiFirstTest()[pri:1, instance:tests.ApiTests@59505b48] output={null}]]]>
              </value>
            </param>
          </params>
          <reporter-output>
          </reporter-output>
        </test-method> <!-- screenShot -->
        <test-method is-config="true" signature="endReport()[pri:0, instance:tests.ApiTests@59505b48]" started-at="2022-08-31T11:40:27 IST" name="endReport" finished-at="2022-08-31T11:40:27 IST" duration-ms="43" status="PASS">
          <reporter-output>
          </reporter-output>
        </test-method> <!-- endReport -->
        <test-method is-config="true" signature="TeardownTest()[pri:0, instance:tests.ApiTests@59505b48]" started-at="2022-08-31T11:40:27 IST" name="TeardownTest" finished-at="2022-08-31T11:40:27 IST" duration-ms="1" status="PASS">
          <reporter-output>
          </reporter-output>
        </test-method> <!-- TeardownTest -->
      </class> <!-- tests.ApiTests -->
    </test> <!-- Default test -->
  </suite> <!-- Default suite -->
</testng-results>
